make all --print-data-base --no-builtin-variables --no-builtin-rules --question
# GNU Make 4.3
# Built for x86_64-pc-linux-gnu
# Copyright (C) 1988-2020 Free Software Foundation, Inc.
# License GPLv3+: GNU GPL version 3 or later <http://gnu.org/licenses/gpl.html>
# This is free software: you are free to change and redistribute it.
# There is NO WARRANTY, to the extent permitted by law.

# Make data base, printed on Sat Jan 14 17:45:02 2023

# Variables

# makefile (from 'Makefile', line 30)
T_DIR = tools
# environment
GDK_BACKEND = x11
# environment
LC_ALL = C
# makefile (from 'Makefile', line 18)
T_S = checks.c error.c hex_to_dec.c init_drawing_unit.c init_point.c matrix_len.c next_point.c take_dm.c take_z_scale.c 
# environment
GJS_DEBUG_OUTPUT = stderr
# environment
VSCODE_CWD = /home/deman_wolf
# environment
WINDOWPATH = 2
# makefile (from 'Makefile', line 32)
S_DIR = src
# environment
LESS_TERMCAP_me = [0m
# environment
GDM_LANG = en_US.UTF-8
# default
MAKE_COMMAND := make
# environment
QT_ACCESSIBILITY = 1
# automatic
@D = $(patsubst %/,%,$(dir $@))
# environment
VSCODE_HANDLES_UNCAUGHT_ERRORS = true
# default
.VARIABLES := 
# environment
PWD = /home/deman_wolf/Desktop/new_fdf
# automatic
%D = $(patsubst %/,%,$(dir $%))
# environment
XDG_DATA_DIRS = /usr/share/gnome:/home/deman_wolf/.local/share/flatpak/exports/share:/var/lib/flatpak/exports/share:/usr/local/share/:/usr/share/
# environment
OLDPWD = /home/deman_wolf
# automatic
^D = $(patsubst %/,%,$(dir $^))
# automatic
%F = $(notdir $%)
# environment
VSCODE_CODE_CACHE_PATH = /home/deman_wolf/.config/Code/CachedData/5235c6bb189b60b01b1f49062f4ffa42384f8c91
# environment
LANG = C
# environment
POWERSHELL_UPDATECHECK = Off
# environment
XAUTHORITY = /run/user/1000/gdm/Xauthority
# default
.LOADED := 
# environment
LESS_TERMCAP_md = [1;36m
# default
.INCLUDE_DIRS = /usr/local/include /usr/include /usr/include
# makefile
MAKEFLAGS = pqrR
# environment
LESS_TERMCAP_so = [01;33m
# makefile (from 'Makefile', line 13)
MD_S = parcing.c draw_line.c draw_map.c main.c 
# makefile
CURDIR := /home/deman_wolf/Desktop/new_fdf
# environment
APPLICATION_INSIGHTS_NO_DIAGNOSTIC_CHANNEL = 1
# automatic
*D = $(patsubst %/,%,$(dir $*))
# environment
LESS_TERMCAP_ue = [0m
# environment
MFLAGS = -pqrR
# environment
SSH_AUTH_SOCK = /run/user/1000/keyring/ssh
# default
.SHELLFLAGS := -c
# automatic
+D = $(patsubst %/,%,$(dir $+))
# environment
XDG_SESSION_DESKTOP = gnome
# makefile (from 'Makefile', line 1)
MAKEFILE_LIST := Makefile
# automatic
@F = $(notdir $@)
# environment
VSCODE_PID = 2054
# environment
XDG_SESSION_TYPE = x11
# automatic
?D = $(patsubst %/,%,$(dir $?))
# makefile (from 'Makefile', line 42)
FLAGS = -Wall -Wextra -Werror
# makefile (from 'Makefile', line 28)
O_DIR = obj
# environment
SESSION_MANAGER = local/jaguar:@/tmp/.ICE-unix/1546,unix/jaguar:/tmp/.ICE-unix/1546
# automatic
*F = $(notdir $*)
# environment
QT_QPA_PLATFORMTHEME = qt5ct
# environment
CHROME_DESKTOP = code-url-handler.desktop
# environment
DBUS_SESSION_BUS_ADDRESS = unix:path=/run/user/1000/bus
# automatic
<D = $(patsubst %/,%,$(dir $<))
# environment
VSCODE_NLS_CONFIG = {"locale":"en-us","availableLanguages":{},"_languagePackSupport":true}
# default
MAKE_HOST := x86_64-pc-linux-gnu
# environment
GNOME_DESKTOP_SESSION_ID = this-is-deprecated
# makefile
SHELL = /bin/sh
# environment
LESS_TERMCAP_us = [1;32m
# default
MAKECMDGOALS := all
# environment
XMODIFIERS = @im=ibus
# environment
GJS_DEBUG_TOPICS = JS ERROR;JS LOG
# environment
SHLVL = 0
# environment
MAKELEVEL := 0
# default
MAKE = $(MAKE_COMMAND)
# environment
PATH = /usr/local/sbin:/usr/sbin:/sbin:/usr/local/bin:/usr/bin:/bin:/usr/local/games:/usr/games:/home/deman_wolf/.dotnet/tools
# environment
LESS_TERMCAP_se = [0m
# default
MAKEFILES := 
# environment
LANGUAGE = en_US:en
# automatic
^F = $(notdir $^)
# environment
COMMAND_NOT_FOUND_INSTALL_PROMPT = 1
# environment
LESS_TERMCAP_mb = [1;31m
# environment
INVOCATION_ID = 5a377cfeb1b548819c7ea6650b9f047c
# environment
USERNAME = deman_wolf
# automatic
?F = $(notdir $?)
# makefile (from 'Makefile', line 44)
INC = inc/fdf.h
# makefile (from 'Makefile', line 48)
NAME = fifo
# environment
XDG_CURRENT_DESKTOP = GNOME
# environment
LS_COLORS = :ow=30;44:
# automatic
+F = $(notdir $+)
# environment
DESKTOP_SESSION = gnome
# environment
ORIGINAL_XDG_CURRENT_DESKTOP = GNOME
# 'override' directive
GNUMAKEFLAGS := 
# environment
LOGNAME = deman_wolf
# environment
GIO_LAUNCHED_DESKTOP_FILE = /usr/share/applications/code.desktop
# makefile (from 'Makefile', line 36)
O_T = $(addprefix $(O_DIR)/,$(T_S:.c=.o))
# makefile
.DEFAULT_GOAL := all
# environment
SYSTEMD_EXEC_PID = 1572
# makefile (from 'Makefile', line 46)
RM = rm -rf
# environment
DISPLAY = :1
# environment
USER = deman_wolf
# environment
GTK_MODULES = gail:atk-bridge
# default
MAKE_VERSION := 4.3
# environment
MANAGERPID = 1335
# environment
GIO_LAUNCHED_DESKTOP_FILE_PID = 2054
# environment
SSH_AGENT_PID = 1499
# environment
_ = /usr/share/code/code
# environment
XDG_RUNTIME_DIR = /run/user/1000
# environment
GPG_AGENT_INFO = /run/user/1000/gnupg/S.gpg-agent:0:1
# environment
POWERSHELL_TELEMETRY_OPTOUT = 1
# environment
JOURNAL_STREAM = 8:26102
# environment
XDG_SESSION_CLASS = user
# environment
VSCODE_AMD_ENTRYPOINT = vs/workbench/api/node/extensionHostProcess
# environment
HOME = /home/deman_wolf
# environment
QT_IM_MODULE = ibus
# environment
_JAVA_OPTIONS = -Dawt.useSystemAAFontSettings=on -Dswing.aatext=true
# environment
ELECTRON_RUN_AS_NODE = 1
# environment
VSCODE_IPC_HOOK = /run/user/1000/vscode-518d13f2-1.74.0-main.sock
# makefile (from 'Makefile', line 40)
T_F = $(addprefix $(T_DIR)/,$(T_S))
# environment
DOTNET_CLI_TELEMETRY_OPTOUT = 1
# default
.RECIPEPREFIX := 
# automatic
<F = $(notdir $<)
# default
SUFFIXES := 
# makefile (from 'Makefile', line 38)
S_F = $(addprefix $(S_DIR)/,$(MD_S))
# environment
QT_AUTO_SCREEN_SCALE_FACTOR = 0
# makefile (from 'Makefile', line 34)
O_S = $(addprefix $(O_DIR)/,$(MD_S:.c=.o))
# default
.FEATURES := target-specific order-only second-expansion else-if shortest-stem undefine oneshell nocomment grouped-target extra-prereqs archives jobserver output-sync check-symlink load
# environment
XDG_MENU_PREFIX = gnome-
# environment
GDMSESSION = gnome
# variable set hash-table stats:
# Load=118/1024=12%, Rehash=0, Collisions=11/172=6%

# Pattern-specific Variable Values

# No pattern-specific variable values.

# Directories

# inc (device 66311, inode 2387514): 1 files, no impossibilities so far.
# src (device 66311, inode 2387412): 7 files, no impossibilities.
# tools (device 66311, inode 2387513): 11 files, no impossibilities so far.
# . (device 66311, inode 2387411): 15 files, no impossibilities.

# 34 files, no impossibilities in 4 directories.

# Implicit Rules

obj/%.o: src/%.c inc/fdf.h
#  recipe to execute (from 'Makefile', line 58):
	@cc $(FLAGS) -I/usr/include -Imlx -O3 -c $< -o $@ #[LINUX]#
	@#@cc $(FLAGS) -c $< -o $@

obj/%.o: tools/%.c inc/fdf.h
#  recipe to execute (from 'Makefile', line 62):
	@#cc $(FLAGS) -I/usr/include -Imlx -O3 -c $< -o $@ [LINUX]#
	@cc $(FLAGS) -c $< -o $@

# 2 implicit rules, 0 (0.0%) terminal.
# Files

obj/error.o: tools/error.c inc/fdf.h
#  Implicit rule search has been done.
#  Implicit/static pattern stem: 'error'
 
#  Last modified 2023-01-13 03:09:44.891329979
#  File has been updated.
#  Successfully updated.
#  recipe to execute (from 'Makefile', line 62):
	@#cc $(FLAGS) -I/usr/include -Imlx -O3 -c $< -o $@ [LINUX]#
	@cc $(FLAGS) -c $< -o $@

obj/draw_line.o: src/draw_line.c inc/fdf.h
#  Implicit rule search has been done.
#  Implicit/static pattern stem: 'draw_line'
#  Last modified 2023-01-13 03:09:44.767331187
#  File has been updated.
#  Successfully updated.
#  recipe to execute (from 'Makefile', line 58):
	@cc $(FLAGS) -I/usr/include -Imlx -O3 -c $< -o $@ #[LINUX]#
	@#@cc $(FLAGS) -c $< -o $@

obj/main.o: src/main.c inc/fdf.h
#  Implicit rule search has been done.
#  Implicit/static pattern stem: 'main'
#  Last modified 2023-01-13 03:09:44.839330486
#  File has been updated.
#  Successfully updated.
#  recipe to execute (from 'Makefile', line 58):
	@cc $(FLAGS) -I/usr/include -Imlx -O3 -c $< -o $@ #[LINUX]#
	@#@cc $(FLAGS) -c $< -o $@

# Not a target:
src/draw_map.c:
#  Implicit rule search has been done.
#  Last modified 2023-01-13 03:07:56.984633846
#  File has been updated.
#  Successfully updated.

# Not a target:
Makefile:
#  Implicit rule search has been done.
#  Last modified 2023-01-13 02:42:17.014689136
#  File has been updated.
#  Successfully updated.

# Not a target:
tools/init_drawing_unit.c:
#  Implicit rule search has been done.
#  Last modified 2023-01-11 23:45:12.509166034
#  File has been updated.
#  Successfully updated.

obj/matrix_len.o: tools/matrix_len.c inc/fdf.h
#  Implicit rule search has been done.
#  Implicit/static pattern stem: 'matrix_len'
#  Last modified 2023-01-13 03:09:44.983329084
#  File has been updated.
#  Successfully updated.
#  recipe to execute (from 'Makefile', line 62):
	@#cc $(FLAGS) -I/usr/include -Imlx -O3 -c $< -o $@ [LINUX]#
	@cc $(FLAGS) -c $< -o $@

fifo: obj/parcing.o obj/draw_line.o obj/draw_map.o obj/main.o obj/checks.o obj/error.o obj/hex_to_dec.o obj/init_drawing_unit.o obj/init_point.o obj/matrix_len.o obj/next_point.o obj/take_dm.o obj/take_z_scale.o
#  Phony target (prerequisite of .PHONY).
#  Implicit rule search has not been done.
#  Implicit/static pattern stem: ''
#  File does not exist.
#  File has been updated.
#  Needs to be updated (-q is set).
# automatic
# @ := fifo
# automatic
# * := 
# automatic
# < := obj/parcing.o
# automatic
# + := obj/parcing.o obj/draw_line.o obj/draw_map.o obj/main.o obj/checks.o obj/error.o obj/hex_to_dec.o obj/init_drawing_unit.o obj/init_point.o obj/matrix_len.o obj/next_point.o obj/take_dm.o obj/take_z_scale.o
# automatic
# % := 
# automatic
# ^ := obj/parcing.o obj/draw_line.o obj/draw_map.o obj/main.o obj/checks.o obj/error.o obj/hex_to_dec.o obj/init_drawing_unit.o obj/init_point.o obj/matrix_len.o obj/next_point.o obj/take_dm.o obj/take_z_scale.o
# automatic
# ? := obj/parcing.o obj/draw_line.o obj/draw_map.o obj/main.o obj/checks.o obj/error.o obj/hex_to_dec.o obj/init_drawing_unit.o obj/init_point.o obj/matrix_len.o obj/next_point.o obj/take_dm.o obj/take_z_scale.o
# automatic
# | := 
# variable set hash-table stats:
# Load=8/32=25%, Rehash=0, Collisions=1/17=6%
#  recipe to execute (from 'Makefile', line 53):
	make -C libtool
	cc $(FLAGS) $^ libtool/libft.a -Lmlx -lmlx -L/usr/lib -Imlx -lXext -lX11 -lm -lz -o $@ #[LINUX]#
	#cc $(FLAGS) $^ libtool/libft.a -lmlx -framework OpenGL -framework AppKit -o $@

.SILENT: fifo clean fclean re all obj
#  Implicit rule search has not been done.
#  Modification time never checked.
#  File has not been updated.

clean:
#  Phony target (prerequisite of .PHONY).
#  Implicit rule search has not been done.
#  File does not exist.
#  File has not been updated.
#  recipe to execute (from 'Makefile', line 69):
	make -C libtool clean
	$(RM) $(O_DIR)

# Not a target:
src/draw_line.c:
#  Implicit rule search has been done.
#  Last modified 2023-01-11 23:45:12.509166034
#  File has been updated.
#  Successfully updated.

# Not a target:
tools/hex_to_dec.c:
#  Implicit rule search has been done.
#  Last modified 2023-01-11 23:45:12.509166034
#  File has been updated.
#  Successfully updated.

# Not a target:
src/main.c:
#  Implicit rule search has been done.
#  Last modified 2023-01-13 00:09:54.373774525
#  File has been updated.
#  Successfully updated.

obj/init_point.o: tools/init_point.c inc/fdf.h
#  Implicit rule search has been done.
#  Implicit/static pattern stem: 'init_point'
#  Last modified 2023-01-13 03:09:44.959329318
#  File has been updated.
#  Successfully updated.
#  recipe to execute (from 'Makefile', line 62):
	@#cc $(FLAGS) -I/usr/include -Imlx -O3 -c $< -o $@ [LINUX]#
	@cc $(FLAGS) -c $< -o $@

re: fclean all
#  Phony target (prerequisite of .PHONY).
#  Implicit rule search has not been done.
#  File does not exist.
#  File has not been updated.

# Not a target:
tools/take_dm.c:
#  Implicit rule search has been done.
#  Last modified 2023-01-10 20:30:08.224938179
#  File has been updated.
#  Successfully updated.

obj:
#  Implicit rule search has not been done.
#  Last modified 2023-01-13 03:09:45.051328423
#  File has been updated.
#  Successfully updated.
#  recipe to execute (from 'Makefile', line 66):
	mkdir $@

# Not a target:
src/parcing.c:
#  Implicit rule search has been done.
#  Last modified 2023-01-11 23:45:12.509166034
#  File has been updated.
#  Successfully updated.

# Not a target:
.DEFAULT:
#  Implicit rule search has not been done.
#  Modification time never checked.
#  File has not been updated.

obj/parcing.o: src/parcing.c inc/fdf.h
#  Implicit rule search has been done.
#  Implicit/static pattern stem: 'parcing'
#  Last modified 2023-01-13 03:09:44.735331499
#  File has been updated.
#  Successfully updated.
#  recipe to execute (from 'Makefile', line 58):
	@cc $(FLAGS) -I/usr/include -Imlx -O3 -c $< -o $@ #[LINUX]#
	@#@cc $(FLAGS) -c $< -o $@

all: obj fifo
#  Command line target.
#  Implicit rule search has been done.
#  File does not exist.
#  File has been updated.
#  Needs to be updated (-q is set).
# variable set hash-table stats:
# Load=0/32=0%, Rehash=0, Collisions=0/5=0%

fclean: clean
#  Phony target (prerequisite of .PHONY).
#  Implicit rule search has not been done.
#  File does not exist.
#  File has not been updated.
#  recipe to execute (from 'Makefile', line 73):
	make -C libtool fclean
	$(RM) $(NAME)

# Not a target:
inc/fdf.h:
#  Implicit rule search has been done.
#  Last modified 2023-01-13 02:49:23.669392055
#  File has been updated.
#  Successfully updated.

# Not a target:
tools/take_z_scale.c:
#  Implicit rule search has been done.
#  Last modified 2023-01-13 02:50:30.481345299
#  File has been updated.
#  Successfully updated.

obj/init_drawing_unit.o: tools/init_drawing_unit.c inc/fdf.h
#  Implicit rule search has been done.
#  Implicit/static pattern stem: 'init_drawing_unit'
#  Last modified 2023-01-13 03:09:44.939329512
#  File has been updated.
#  Successfully updated.
#  recipe to execute (from 'Makefile', line 62):
	@#cc $(FLAGS) -I/usr/include -Imlx -O3 -c $< -o $@ [LINUX]#
	@cc $(FLAGS) -c $< -o $@

# Not a target:
tools/next_point.c:
#  Implicit rule search has been done.
#  Last modified 2023-01-13 02:45:00.309840235
#  File has been updated.
#  Successfully updated.

obj/draw_map.o: src/draw_map.c inc/fdf.h
#  Implicit rule search has been done.
#  Implicit/static pattern stem: 'draw_map'
#  Last modified 2023-01-13 03:09:44.811330759
#  File has been updated.
#  Successfully updated.
#  recipe to execute (from 'Makefile', line 58):
	@cc $(FLAGS) -I/usr/include -Imlx -O3 -c $< -o $@ #[LINUX]#
	@#@cc $(FLAGS) -c $< -o $@

# Not a target:
tools/error.c:
#  Implicit rule search has been done.
#  Last modified 2023-01-11 23:45:12.509166034
#  File has been updated.
#  Successfully updated.

# Not a target:
tools/matrix_len.c:
#  Implicit rule search has been done.
#  Last modified 2023-01-11 12:46:45.016489416
#  File has been updated.
#  Successfully updated.

obj/checks.o: tools/checks.c inc/fdf.h
#  Implicit rule search has been done.
#  Implicit/static pattern stem: 'checks'
#  Last modified 2023-01-13 03:09:44.867330213
#  File has been updated.
#  Successfully updated.
#  recipe to execute (from 'Makefile', line 62):
	@#cc $(FLAGS) -I/usr/include -Imlx -O3 -c $< -o $@ [LINUX]#
	@cc $(FLAGS) -c $< -o $@

obj/next_point.o: tools/next_point.c inc/fdf.h
#  Implicit rule search has been done.
#  Implicit/static pattern stem: 'next_point'
#  Last modified 2023-01-13 03:09:45.007328851
#  File has been updated.
#  Successfully updated.
#  recipe to execute (from 'Makefile', line 62):
	@#cc $(FLAGS) -I/usr/include -Imlx -O3 -c $< -o $@ [LINUX]#
	@cc $(FLAGS) -c $< -o $@

# Not a target:
tools/checks.c:
#  Implicit rule search has been done.
#  Last modified 2023-01-11 23:45:12.509166034
#  File has been updated.
#  Successfully updated.

obj/take_dm.o: tools/take_dm.c inc/fdf.h
#  Implicit rule search has been done.
#  Implicit/static pattern stem: 'take_dm'
#  Last modified 2023-01-13 03:09:45.027328657
#  File has been updated.
#  Successfully updated.
#  recipe to execute (from 'Makefile', line 62):
	@#cc $(FLAGS) -I/usr/include -Imlx -O3 -c $< -o $@ [LINUX]#
	@cc $(FLAGS) -c $< -o $@

# Not a target:
.SUFFIXES:
 
#  Implicit rule search has not been done.
#  Modification time never checked.
#  File has not been updated.

obj/hex_to_dec.o: tools/hex_to_dec.c inc/fdf.h
#  Implicit rule search has been done.
#  Implicit/static pattern stem: 'hex_to_dec'
#  Last modified 2023-01-13 03:09:44.915329747
#  File has been updated.
#  Successfully updated.
#  recipe to execute (from 'Makefile', line 62):
	@#cc $(FLAGS) -I/usr/include -Imlx -O3 -c $< -o $@ [LINUX]#
	@cc $(FLAGS) -c $< -o $@

# Not a target:
tools/init_point.c:
#  Implicit rule search has been done.
#  Last modified 2023-01-12 00:02:00.018961292
#  File has been updated.
#  Successfully updated.

.PHONY: fifo clean fclean re
#  Implicit rule search has not been done.
#  Modification time never checked.
#  File has not been updated.

obj/take_z_scale.o: tools/take_z_scale.c inc/fdf.h
#  Implicit rule search has been done.
#  Implicit/static pattern stem: 'take_z_scale'
#  Last modified 2023-01-13 03:09:45.051328423
#  File has been updated.
#  Successfully updated.
#  recipe to execute (from 'Makefile', line 62):
	@#cc $(FLAGS) -I/usr/include -Imlx -O3 -c $< -o $@ [LINUX]#
	@cc $(FLAGS) -c $< -o $@

# files hash-table stats:
# Load=38/1024=4%, Rehash=0, Collisions=4/154=3%
# VPATH Search Paths

# No 'vpath' search paths.

# No general ('VPATH' variable) search path.

# strcache buffers: 1 (0) / strings = 92 / storage = 1084 B / avg = 11 B
# current buf: size = 8162 B / used = 1084 B / count = 92 / avg = 11 B

# strcache performance: lookups = 171 / hit rate = 46%
# hash-table stats:
# Load=92/8192=1%, Rehash=0, Collisions=0/171=0%
# Finished Make data base on Sat Jan 14 17:45:02 2023

 
